e:\яп\14\bva-2018\lp_lab13\debug\bva-2018.pch
e:\яп\14\bva-2018\lp_lab13\debug\vc141.pdb
e:\яп\14\bva-2018\lp_lab13\debug\vc141.idb
e:\яп\14\bva-2018\lp_lab13\debug\stdafx.obj
e:\яп\14\bva-2018\lp_lab13\debug\polak.obj
e:\яп\14\bva-2018\lp_lab13\debug\parm.obj
e:\яп\14\bva-2018\lp_lab13\debug\mfst.obj
e:\яп\14\bva-2018\lp_lab13\debug\lt.obj
e:\яп\14\bva-2018\lp_lab13\debug\lp_lab13.obj
e:\яп\14\bva-2018\lp_lab13\debug\log.obj
e:\яп\14\bva-2018\lp_lab13\debug\lexanalizator.obj
e:\яп\14\bva-2018\lp_lab13\debug\it.obj
e:\яп\14\bva-2018\lp_lab13\debug\in.obj
e:\яп\14\bva-2018\lp_lab13\debug\grb.obj
e:\яп\14\bva-2018\lp_lab13\debug\fst.obj
e:\яп\14\bva-2018\lp_lab13\debug\error.obj
e:\яп\14\bva-2018\lp_lab13\debug\codegeneration.obj
e:\яп\14\bva-2018\debug\bva-2018.exe
e:\яп\14\bva-2018\debug\bva-2018.ilk
e:\яп\14\bva-2018\debug\bva-2018.pdb
e:\яп\14\bva-2018\lp_lab13\debug\bva-2018.tlog\cl.command.1.tlog
e:\яп\14\bva-2018\lp_lab13\debug\bva-2018.tlog\cl.read.1.tlog
e:\яп\14\bva-2018\lp_lab13\debug\bva-2018.tlog\cl.write.1.tlog
e:\яп\14\bva-2018\lp_lab13\debug\bva-2018.tlog\link.command.1.tlog
e:\яп\14\bva-2018\lp_lab13\debug\bva-2018.tlog\link.read.1.tlog
e:\яп\14\bva-2018\lp_lab13\debug\bva-2018.tlog\link.write.1.tlog
